<?xml version="1.0" encoding="UTF-8"?>
<testsuite name="TesteSomador" tests="2" skipped="0" failures="0" errors="0" timestamp="2021-01-24T17:01:56" hostname="rafael-HP-14-Notebook-PC" time="0.003">
  <properties/>
  <testcase name="deveSaberSeFuncionaMinusTest" classname="TesteSomador" time="0.002"/>
  <testcase name="DeveSaberSeFuncionaASoma" classname="TesteSomador" time="0.0"/>
  <system-out><![CDATA[]]></system-out>
  <system-err><![CDATA[]]></system-err>
</testsuite>
